== apply patch ==
wrote src/time-zones.ts
wrote src/time-zones.test.ts
wrote src/travel-details.ts
wrote src/travel-details.ts
wrote src/travel-details.ts
wrote src/travel-details.ts
wrote src/travel-details.ts
wrote src/travel-details.ts
wrote src/flight-mode.ts
wrote src/flight-mode.ts
wrote src/trip-share.ts
wrote src/trip-share.ts
wrote src/trip-share.ts
wrote src/trip-share.ts
wrote src/money.ts
wrote src/main.ts
wrote src/main.ts
wrote src/main.ts
wrote src/main.ts
wrote src/main.ts
wrote src/main.ts
wrote src/main.ts
wrote src/main.ts
wrote src/main.ts
wrote src/main.ts
wrote src/main.ts
wrote src/main.ts
wrote src/main.ts
wrote src/main.ts
wrote src/main.ts
wrote src/main.ts
wrote src/main.ts
wrote src/main.ts
wrote src/main.ts
wrote src/main.ts
wrote src/main.ts
wrote src/main.ts
wrote src/main.ts
wrote src/main.ts
wrote src/main.ts
wrote src/main.ts
wrote src/main.ts
wrote src/main.ts
wrote src/main.ts
wrote src/main.ts
wrote src/main.ts
wrote src/main.ts
wrote src/main.ts
wrote src/main.ts
wrote src/main.ts
wrote src/main.ts
wrote src/main.ts
wrote src/main.ts
wrote src/main.ts
wrote src/main.ts
wrote src/main.ts
wrote src/main.ts
wrote src/main.ts
wrote src/main.ts
wrote src/main.ts
wrote src/athan.ts
wrote src/athan.ts
wrote src/athan.ts
wrote src/athan.ts
wrote src/athan.ts
wrote src/athan.ts
wrote src/athan.ts
wrote src/athan.ts
wrote src/athan.ts
wrote src/athan.ts
wrote src/athan.ts
wrote src/athan.ts
wrote src/athan.ts
wrote src/athan.ts
wrote src/saved-trips.ts
wrote src/saved-trips.ts
wrote public/sw.js
wrote public/sw.js
wrote public/sw.js
wrote index.html
wrote src/app-hardening.test.ts
wrote src/qibla-copy-bootstrap.test.ts
wrote src/halal-page-bootstrap.test.ts
wrote src/release-hardening.test.ts
file:///home/runner/work/muslim-travel-planner/muslim-travel-planner/scripts/apply-release-hardening.mjs:14
  if (matches !== 1) throw new Error(`${path}: expected one match for ${label}, found ${matches}`);
                           ^

Error: .github/workflows/ci.yml: expected one match for first npm install, found 2
    at replaceOnce (file:///home/runner/work/muslim-travel-planner/muslim-travel-planner/scripts/apply-release-hardening.mjs:14:28)
    at file:///home/runner/work/muslim-travel-planner/muslim-travel-planner/scripts/apply-release-hardening.mjs:127:1
    at ModuleJob.run (node:internal/modules/esm/module_job:343:25)
    at async onImport.tracePromise.__proto__ (node:internal/modules/esm/loader:681:26)
    at async asyncRunEntryPointWithESMLoader (node:internal/modules/run_main:117:5)

Node.js v22.23.1
PATCH_STATUS=1
